2019-07-01 10:46:09,499 PIL.Image    DEBUG    Importing BlpImagePlugin
2019-07-01 10:46:09,501 PIL.Image    DEBUG    Importing BmpImagePlugin
2019-07-01 10:46:09,503 PIL.Image    DEBUG    Importing BufrStubImagePlugin
2019-07-01 10:46:09,503 PIL.Image    DEBUG    Importing CurImagePlugin
2019-07-01 10:46:09,504 PIL.Image    DEBUG    Importing DcxImagePlugin
2019-07-01 10:46:09,505 PIL.Image    DEBUG    Importing DdsImagePlugin
2019-07-01 10:46:09,505 PIL.Image    DEBUG    Importing EpsImagePlugin
2019-07-01 10:46:09,506 PIL.Image    DEBUG    Importing FitsStubImagePlugin
2019-07-01 10:46:09,507 PIL.Image    DEBUG    Importing FliImagePlugin
2019-07-01 10:46:09,507 PIL.Image    DEBUG    Importing FpxImagePlugin
2019-07-01 10:46:09,508 PIL.Image    DEBUG    Image: failed to import FpxImagePlugin: No module named 'olefile'
2019-07-01 10:46:09,508 PIL.Image    DEBUG    Importing FtexImagePlugin
2019-07-01 10:46:09,508 PIL.Image    DEBUG    Importing GbrImagePlugin
2019-07-01 10:46:09,509 PIL.Image    DEBUG    Importing GifImagePlugin
2019-07-01 10:46:09,510 PIL.Image    DEBUG    Importing GribStubImagePlugin
2019-07-01 10:46:09,511 PIL.Image    DEBUG    Importing Hdf5StubImagePlugin
2019-07-01 10:46:09,512 PIL.Image    DEBUG    Importing IcnsImagePlugin
2019-07-01 10:46:09,515 PIL.Image    DEBUG    Importing IcoImagePlugin
2019-07-01 10:46:09,516 PIL.Image    DEBUG    Importing ImImagePlugin
2019-07-01 10:46:09,517 PIL.Image    DEBUG    Importing ImtImagePlugin
2019-07-01 10:46:09,518 PIL.Image    DEBUG    Importing IptcImagePlugin
2019-07-01 10:46:09,518 PIL.Image    DEBUG    Importing JpegImagePlugin
2019-07-01 10:46:09,525 PIL.Image    DEBUG    Importing Jpeg2KImagePlugin
2019-07-01 10:46:09,525 PIL.Image    DEBUG    Importing McIdasImagePlugin
2019-07-01 10:46:09,526 PIL.Image    DEBUG    Importing MicImagePlugin
2019-07-01 10:46:09,526 PIL.Image    DEBUG    Image: failed to import MicImagePlugin: No module named 'olefile'
2019-07-01 10:46:09,526 PIL.Image    DEBUG    Importing MpegImagePlugin
2019-07-01 10:46:09,527 PIL.Image    DEBUG    Importing MpoImagePlugin
2019-07-01 10:46:09,528 PIL.Image    DEBUG    Importing MspImagePlugin
2019-07-01 10:46:09,528 PIL.Image    DEBUG    Importing PalmImagePlugin
2019-07-01 10:46:09,530 PIL.Image    DEBUG    Importing PcdImagePlugin
2019-07-01 10:46:09,530 PIL.Image    DEBUG    Importing PcxImagePlugin
2019-07-01 10:46:09,531 PIL.Image    DEBUG    Importing PdfImagePlugin
2019-07-01 10:46:09,546 PIL.Image    DEBUG    Importing PixarImagePlugin
2019-07-01 10:46:09,546 PIL.Image    DEBUG    Importing PngImagePlugin
2019-07-01 10:46:09,546 PIL.Image    DEBUG    Importing PpmImagePlugin
2019-07-01 10:46:09,547 PIL.Image    DEBUG    Importing PsdImagePlugin
2019-07-01 10:46:09,548 PIL.Image    DEBUG    Importing SgiImagePlugin
2019-07-01 10:46:09,548 PIL.Image    DEBUG    Importing SpiderImagePlugin
2019-07-01 10:46:09,549 PIL.Image    DEBUG    Importing SunImagePlugin
2019-07-01 10:46:09,549 PIL.Image    DEBUG    Importing TgaImagePlugin
2019-07-01 10:46:09,550 PIL.Image    DEBUG    Importing TiffImagePlugin
2019-07-01 10:46:09,550 PIL.Image    DEBUG    Importing WebPImagePlugin
2019-07-01 10:46:09,551 PIL.Image    DEBUG    Importing WmfImagePlugin
2019-07-01 10:46:09,552 PIL.Image    DEBUG    Importing XbmImagePlugin
2019-07-01 10:46:09,554 PIL.Image    DEBUG    Importing XpmImagePlugin
2019-07-01 10:46:09,555 PIL.Image    DEBUG    Importing XVThumbImagePlugin
2019-07-01 10:46:11,890 PIL.Image    DEBUG    Importing BlpImagePlugin
2019-07-01 10:46:11,892 PIL.Image    DEBUG    Importing BmpImagePlugin
2019-07-01 10:46:11,894 PIL.Image    DEBUG    Importing BufrStubImagePlugin
2019-07-01 10:46:11,894 PIL.Image    DEBUG    Importing CurImagePlugin
2019-07-01 10:46:11,895 PIL.Image    DEBUG    Importing DcxImagePlugin
2019-07-01 10:46:11,896 PIL.Image    DEBUG    Importing DdsImagePlugin
2019-07-01 10:46:11,896 PIL.Image    DEBUG    Importing EpsImagePlugin
2019-07-01 10:46:11,897 PIL.Image    DEBUG    Importing FitsStubImagePlugin
2019-07-01 10:46:11,898 PIL.Image    DEBUG    Importing FliImagePlugin
2019-07-01 10:46:11,898 PIL.Image    DEBUG    Importing FpxImagePlugin
2019-07-01 10:46:11,899 PIL.Image    DEBUG    Image: failed to import FpxImagePlugin: No module named 'olefile'
2019-07-01 10:46:11,899 PIL.Image    DEBUG    Importing FtexImagePlugin
2019-07-01 10:46:11,899 PIL.Image    DEBUG    Importing GbrImagePlugin
2019-07-01 10:46:11,900 PIL.Image    DEBUG    Importing GifImagePlugin
2019-07-01 10:46:11,901 PIL.Image    DEBUG    Importing GribStubImagePlugin
2019-07-01 10:46:11,902 PIL.Image    DEBUG    Importing Hdf5StubImagePlugin
2019-07-01 10:46:11,902 PIL.Image    DEBUG    Importing IcnsImagePlugin
2019-07-01 10:46:11,904 PIL.Image    DEBUG    Importing IcoImagePlugin
2019-07-01 10:46:11,906 PIL.Image    DEBUG    Importing ImImagePlugin
2019-07-01 10:46:11,907 PIL.Image    DEBUG    Importing ImtImagePlugin
2019-07-01 10:46:11,908 PIL.Image    DEBUG    Importing IptcImagePlugin
2019-07-01 10:46:11,908 PIL.Image    DEBUG    Importing JpegImagePlugin
2019-07-01 10:46:11,916 PIL.Image    DEBUG    Importing Jpeg2KImagePlugin
2019-07-01 10:46:11,916 PIL.Image    DEBUG    Importing McIdasImagePlugin
2019-07-01 10:46:11,917 PIL.Image    DEBUG    Importing MicImagePlugin
2019-07-01 10:46:11,917 PIL.Image    DEBUG    Image: failed to import MicImagePlugin: No module named 'olefile'
2019-07-01 10:46:11,917 PIL.Image    DEBUG    Importing MpegImagePlugin
2019-07-01 10:46:11,918 PIL.Image    DEBUG    Importing MpoImagePlugin
2019-07-01 10:46:11,918 PIL.Image    DEBUG    Importing MspImagePlugin
2019-07-01 10:46:11,919 PIL.Image    DEBUG    Importing PalmImagePlugin
2019-07-01 10:46:11,920 PIL.Image    DEBUG    Importing PcdImagePlugin
2019-07-01 10:46:11,921 PIL.Image    DEBUG    Importing PcxImagePlugin
2019-07-01 10:46:11,922 PIL.Image    DEBUG    Importing PdfImagePlugin
2019-07-01 10:46:11,936 PIL.Image    DEBUG    Importing PixarImagePlugin
2019-07-01 10:46:11,937 PIL.Image    DEBUG    Importing PngImagePlugin
2019-07-01 10:46:11,937 PIL.Image    DEBUG    Importing PpmImagePlugin
2019-07-01 10:46:11,938 PIL.Image    DEBUG    Importing PsdImagePlugin
2019-07-01 10:46:11,938 PIL.Image    DEBUG    Importing SgiImagePlugin
2019-07-01 10:46:11,939 PIL.Image    DEBUG    Importing SpiderImagePlugin
2019-07-01 10:46:11,940 PIL.Image    DEBUG    Importing SunImagePlugin
2019-07-01 10:46:11,941 PIL.Image    DEBUG    Importing TgaImagePlugin
2019-07-01 10:46:11,941 PIL.Image    DEBUG    Importing TiffImagePlugin
2019-07-01 10:46:11,941 PIL.Image    DEBUG    Importing WebPImagePlugin
2019-07-01 10:46:11,942 PIL.Image    DEBUG    Importing WmfImagePlugin
2019-07-01 10:46:11,943 PIL.Image    DEBUG    Importing XbmImagePlugin
2019-07-01 10:46:11,945 PIL.Image    DEBUG    Importing XpmImagePlugin
2019-07-01 10:46:11,946 PIL.Image    DEBUG    Importing XVThumbImagePlugin
2019-07-01 10:46:19,705 django.request WARNING  Not Found: /favicon.ico
2019-07-01 10:47:29,850 userapp.api.user ERROR    This email already exists.
2019-07-01 11:28:10,052 PIL.Image    DEBUG    Importing BlpImagePlugin
2019-07-01 11:28:10,054 PIL.Image    DEBUG    Importing BmpImagePlugin
2019-07-01 11:28:10,057 PIL.Image    DEBUG    Importing BufrStubImagePlugin
2019-07-01 11:28:10,058 PIL.Image    DEBUG    Importing CurImagePlugin
2019-07-01 11:28:10,059 PIL.Image    DEBUG    Importing DcxImagePlugin
2019-07-01 11:28:10,059 PIL.Image    DEBUG    Importing DdsImagePlugin
2019-07-01 11:28:10,060 PIL.Image    DEBUG    Importing EpsImagePlugin
2019-07-01 11:28:10,062 PIL.Image    DEBUG    Importing FitsStubImagePlugin
2019-07-01 11:28:10,062 PIL.Image    DEBUG    Importing FliImagePlugin
2019-07-01 11:28:10,063 PIL.Image    DEBUG    Importing FpxImagePlugin
2019-07-01 11:28:10,064 PIL.Image    DEBUG    Image: failed to import FpxImagePlugin: No module named 'olefile'
2019-07-01 11:28:10,064 PIL.Image    DEBUG    Importing FtexImagePlugin
2019-07-01 11:28:10,065 PIL.Image    DEBUG    Importing GbrImagePlugin
2019-07-01 11:28:10,065 PIL.Image    DEBUG    Importing GifImagePlugin
2019-07-01 11:28:10,067 PIL.Image    DEBUG    Importing GribStubImagePlugin
2019-07-01 11:28:10,068 PIL.Image    DEBUG    Importing Hdf5StubImagePlugin
2019-07-01 11:28:10,068 PIL.Image    DEBUG    Importing IcnsImagePlugin
2019-07-01 11:28:10,072 PIL.Image    DEBUG    Importing IcoImagePlugin
2019-07-01 11:28:10,073 PIL.Image    DEBUG    Importing ImImagePlugin
2019-07-01 11:28:10,074 PIL.Image    DEBUG    Importing ImtImagePlugin
2019-07-01 11:28:10,075 PIL.Image    DEBUG    Importing IptcImagePlugin
2019-07-01 11:28:10,076 PIL.Image    DEBUG    Importing JpegImagePlugin
2019-07-01 11:28:10,089 PIL.Image    DEBUG    Importing Jpeg2KImagePlugin
2019-07-01 11:28:10,091 PIL.Image    DEBUG    Importing McIdasImagePlugin
2019-07-01 11:28:10,092 PIL.Image    DEBUG    Importing MicImagePlugin
2019-07-01 11:28:10,093 PIL.Image    DEBUG    Image: failed to import MicImagePlugin: No module named 'olefile'
2019-07-01 11:28:10,094 PIL.Image    DEBUG    Importing MpegImagePlugin
2019-07-01 11:28:10,095 PIL.Image    DEBUG    Importing MpoImagePlugin
2019-07-01 11:28:10,096 PIL.Image    DEBUG    Importing MspImagePlugin
2019-07-01 11:28:10,097 PIL.Image    DEBUG    Importing PalmImagePlugin
2019-07-01 11:28:10,099 PIL.Image    DEBUG    Importing PcdImagePlugin
2019-07-01 11:28:10,100 PIL.Image    DEBUG    Importing PcxImagePlugin
2019-07-01 11:28:10,101 PIL.Image    DEBUG    Importing PdfImagePlugin
2019-07-01 11:28:10,124 PIL.Image    DEBUG    Importing PixarImagePlugin
2019-07-01 11:28:10,125 PIL.Image    DEBUG    Importing PngImagePlugin
2019-07-01 11:28:10,125 PIL.Image    DEBUG    Importing PpmImagePlugin
2019-07-01 11:28:10,125 PIL.Image    DEBUG    Importing PsdImagePlugin
2019-07-01 11:28:10,126 PIL.Image    DEBUG    Importing SgiImagePlugin
2019-07-01 11:28:10,127 PIL.Image    DEBUG    Importing SpiderImagePlugin
2019-07-01 11:28:10,128 PIL.Image    DEBUG    Importing SunImagePlugin
2019-07-01 11:28:10,128 PIL.Image    DEBUG    Importing TgaImagePlugin
2019-07-01 11:28:10,129 PIL.Image    DEBUG    Importing TiffImagePlugin
2019-07-01 11:28:10,129 PIL.Image    DEBUG    Importing WebPImagePlugin
2019-07-01 11:28:10,131 PIL.Image    DEBUG    Importing WmfImagePlugin
2019-07-01 11:28:10,133 PIL.Image    DEBUG    Importing XbmImagePlugin
2019-07-01 11:28:10,136 PIL.Image    DEBUG    Importing XpmImagePlugin
2019-07-01 11:28:10,138 PIL.Image    DEBUG    Importing XVThumbImagePlugin
2019-07-01 11:28:10,301 PIL.Image    DEBUG    Importing BlpImagePlugin
2019-07-01 11:28:10,304 PIL.Image    DEBUG    Importing BmpImagePlugin
2019-07-01 11:28:10,307 PIL.Image    DEBUG    Importing BufrStubImagePlugin
2019-07-01 11:28:10,308 PIL.Image    DEBUG    Importing CurImagePlugin
2019-07-01 11:28:10,309 PIL.Image    DEBUG    Importing DcxImagePlugin
2019-07-01 11:28:10,310 PIL.Image    DEBUG    Importing DdsImagePlugin
2019-07-01 11:28:10,311 PIL.Image    DEBUG    Importing EpsImagePlugin
2019-07-01 11:28:10,315 PIL.Image    DEBUG    Importing FitsStubImagePlugin
2019-07-01 11:28:10,315 PIL.Image    DEBUG    Importing FliImagePlugin
2019-07-01 11:28:10,316 PIL.Image    DEBUG    Importing FpxImagePlugin
2019-07-01 11:28:10,318 PIL.Image    DEBUG    Image: failed to import FpxImagePlugin: No module named 'olefile'
2019-07-01 11:28:10,318 PIL.Image    DEBUG    Importing FtexImagePlugin
2019-07-01 11:28:10,319 PIL.Image    DEBUG    Importing GbrImagePlugin
2019-07-01 11:28:10,320 PIL.Image    DEBUG    Importing GifImagePlugin
2019-07-01 11:28:10,323 PIL.Image    DEBUG    Importing GribStubImagePlugin
2019-07-01 11:28:10,324 PIL.Image    DEBUG    Importing Hdf5StubImagePlugin
2019-07-01 11:28:10,324 PIL.Image    DEBUG    Importing IcnsImagePlugin
2019-07-01 11:28:10,327 PIL.Image    DEBUG    Importing IcoImagePlugin
2019-07-01 11:28:10,328 PIL.Image    DEBUG    Importing ImImagePlugin
2019-07-01 11:28:10,329 PIL.Image    DEBUG    Importing ImtImagePlugin
2019-07-01 11:28:10,331 PIL.Image    DEBUG    Importing IptcImagePlugin
2019-07-01 11:28:10,331 PIL.Image    DEBUG    Importing JpegImagePlugin
2019-07-01 11:28:10,346 PIL.Image    DEBUG    Importing Jpeg2KImagePlugin
2019-07-01 11:28:10,346 PIL.Image    DEBUG    Importing McIdasImagePlugin
2019-07-01 11:28:10,347 PIL.Image    DEBUG    Importing MicImagePlugin
2019-07-01 11:28:10,348 PIL.Image    DEBUG    Image: failed to import MicImagePlugin: No module named 'olefile'
2019-07-01 11:28:10,348 PIL.Image    DEBUG    Importing MpegImagePlugin
2019-07-01 11:28:10,349 PIL.Image    DEBUG    Importing MpoImagePlugin
2019-07-01 11:28:10,349 PIL.Image    DEBUG    Importing MspImagePlugin
2019-07-01 11:28:10,350 PIL.Image    DEBUG    Importing PalmImagePlugin
2019-07-01 11:28:10,352 PIL.Image    DEBUG    Importing PcdImagePlugin
2019-07-01 11:28:10,352 PIL.Image    DEBUG    Importing PcxImagePlugin
2019-07-01 11:28:10,352 PIL.Image    DEBUG    Importing PdfImagePlugin
2019-07-01 11:28:10,369 PIL.Image    DEBUG    Importing PixarImagePlugin
2019-07-01 11:28:10,369 PIL.Image    DEBUG    Importing PngImagePlugin
2019-07-01 11:28:10,369 PIL.Image    DEBUG    Importing PpmImagePlugin
2019-07-01 11:28:10,370 PIL.Image    DEBUG    Importing PsdImagePlugin
2019-07-01 11:28:10,371 PIL.Image    DEBUG    Importing SgiImagePlugin
2019-07-01 11:28:10,371 PIL.Image    DEBUG    Importing SpiderImagePlugin
2019-07-01 11:28:10,372 PIL.Image    DEBUG    Importing SunImagePlugin
2019-07-01 11:28:10,372 PIL.Image    DEBUG    Importing TgaImagePlugin
2019-07-01 11:28:10,373 PIL.Image    DEBUG    Importing TiffImagePlugin
2019-07-01 11:28:10,373 PIL.Image    DEBUG    Importing WebPImagePlugin
2019-07-01 11:28:10,374 PIL.Image    DEBUG    Importing WmfImagePlugin
2019-07-01 11:28:10,377 PIL.Image    DEBUG    Importing XbmImagePlugin
2019-07-01 11:28:10,379 PIL.Image    DEBUG    Importing XpmImagePlugin
2019-07-01 11:28:10,381 PIL.Image    DEBUG    Importing XVThumbImagePlugin
2019-07-01 11:28:10,513 PIL.Image    DEBUG    Importing BlpImagePlugin
2019-07-01 11:28:10,532 PIL.Image    DEBUG    Importing BmpImagePlugin
2019-07-01 11:28:10,535 PIL.Image    DEBUG    Importing BufrStubImagePlugin
2019-07-01 11:28:10,536 PIL.Image    DEBUG    Importing CurImagePlugin
2019-07-01 11:28:10,537 PIL.Image    DEBUG    Importing DcxImagePlugin
2019-07-01 11:28:10,539 PIL.Image    DEBUG    Importing DdsImagePlugin
2019-07-01 11:28:10,541 PIL.Image    DEBUG    Importing EpsImagePlugin
2019-07-01 11:28:10,543 PIL.Image    DEBUG    Importing FitsStubImagePlugin
2019-07-01 11:28:10,544 PIL.Image    DEBUG    Importing FliImagePlugin
2019-07-01 11:28:10,545 PIL.Image    DEBUG    Importing FpxImagePlugin
2019-07-01 11:28:10,548 PIL.Image    DEBUG    Image: failed to import FpxImagePlugin: No module named 'olefile'
2019-07-01 11:28:10,549 PIL.Image    DEBUG    Importing FtexImagePlugin
2019-07-01 11:28:10,551 PIL.Image    DEBUG    Importing GbrImagePlugin
2019-07-01 11:28:10,552 PIL.Image    DEBUG    Importing GifImagePlugin
2019-07-01 11:28:10,554 PIL.Image    DEBUG    Importing GribStubImagePlugin
2019-07-01 11:28:10,555 PIL.Image    DEBUG    Importing Hdf5StubImagePlugin
2019-07-01 11:28:10,555 PIL.Image    DEBUG    Importing IcnsImagePlugin
2019-07-01 11:28:10,558 PIL.Image    DEBUG    Importing IcoImagePlugin
2019-07-01 11:28:10,559 PIL.Image    DEBUG    Importing ImImagePlugin
2019-07-01 11:28:10,560 PIL.Image    DEBUG    Importing ImtImagePlugin
2019-07-01 11:28:10,561 PIL.Image    DEBUG    Importing IptcImagePlugin
2019-07-01 11:28:10,561 PIL.Image    DEBUG    Importing JpegImagePlugin
2019-07-01 11:28:10,571 PIL.Image    DEBUG    Importing Jpeg2KImagePlugin
2019-07-01 11:28:10,572 PIL.Image    DEBUG    Importing McIdasImagePlugin
2019-07-01 11:28:10,572 PIL.Image    DEBUG    Importing MicImagePlugin
2019-07-01 11:28:10,573 PIL.Image    DEBUG    Image: failed to import MicImagePlugin: No module named 'olefile'
2019-07-01 11:28:10,574 PIL.Image    DEBUG    Importing MpegImagePlugin
2019-07-01 11:28:10,574 PIL.Image    DEBUG    Importing MpoImagePlugin
2019-07-01 11:28:10,575 PIL.Image    DEBUG    Importing MspImagePlugin
2019-07-01 11:28:10,577 PIL.Image    DEBUG    Importing PalmImagePlugin
2019-07-01 11:28:10,580 PIL.Image    DEBUG    Importing PcdImagePlugin
2019-07-01 11:28:10,581 PIL.Image    DEBUG    Importing PcxImagePlugin
2019-07-01 11:28:10,581 PIL.Image    DEBUG    Importing PdfImagePlugin
2019-07-01 11:28:10,603 PIL.Image    DEBUG    Importing PixarImagePlugin
2019-07-01 11:28:10,604 PIL.Image    DEBUG    Importing PngImagePlugin
2019-07-01 11:28:10,604 PIL.Image    DEBUG    Importing PpmImagePlugin
2019-07-01 11:28:10,605 PIL.Image    DEBUG    Importing PsdImagePlugin
2019-07-01 11:28:10,606 PIL.Image    DEBUG    Importing SgiImagePlugin
2019-07-01 11:28:10,608 PIL.Image    DEBUG    Importing SpiderImagePlugin
2019-07-01 11:28:10,609 PIL.Image    DEBUG    Importing SunImagePlugin
2019-07-01 11:28:10,610 PIL.Image    DEBUG    Importing TgaImagePlugin
2019-07-01 11:28:10,611 PIL.Image    DEBUG    Importing TiffImagePlugin
2019-07-01 11:28:10,611 PIL.Image    DEBUG    Importing WebPImagePlugin
2019-07-01 11:28:10,612 PIL.Image    DEBUG    Importing WmfImagePlugin
2019-07-01 11:28:10,613 PIL.Image    DEBUG    Importing XbmImagePlugin
2019-07-01 11:28:10,616 PIL.Image    DEBUG    Importing XpmImagePlugin
2019-07-01 11:28:10,617 PIL.Image    DEBUG    Importing XVThumbImagePlugin
2019-07-01 11:28:12,120 PIL.Image    DEBUG    Importing BlpImagePlugin
2019-07-01 11:28:12,122 PIL.Image    DEBUG    Importing BmpImagePlugin
2019-07-01 11:28:12,124 PIL.Image    DEBUG    Importing BufrStubImagePlugin
2019-07-01 11:28:12,124 PIL.Image    DEBUG    Importing CurImagePlugin
2019-07-01 11:28:12,125 PIL.Image    DEBUG    Importing DcxImagePlugin
2019-07-01 11:28:12,125 PIL.Image    DEBUG    Importing DdsImagePlugin
2019-07-01 11:28:12,126 PIL.Image    DEBUG    Importing EpsImagePlugin
2019-07-01 11:28:12,127 PIL.Image    DEBUG    Importing FitsStubImagePlugin
2019-07-01 11:28:12,128 PIL.Image    DEBUG    Importing FliImagePlugin
2019-07-01 11:28:12,128 PIL.Image    DEBUG    Importing FpxImagePlugin
2019-07-01 11:28:12,129 PIL.Image    DEBUG    Image: failed to import FpxImagePlugin: No module named 'olefile'
2019-07-01 11:28:12,129 PIL.Image    DEBUG    Importing FtexImagePlugin
2019-07-01 11:28:12,129 PIL.Image    DEBUG    Importing GbrImagePlugin
2019-07-01 11:28:12,130 PIL.Image    DEBUG    Importing GifImagePlugin
2019-07-01 11:28:12,131 PIL.Image    DEBUG    Importing GribStubImagePlugin
2019-07-01 11:28:12,132 PIL.Image    DEBUG    Importing Hdf5StubImagePlugin
2019-07-01 11:28:12,132 PIL.Image    DEBUG    Importing IcnsImagePlugin
2019-07-01 11:28:12,135 PIL.Image    DEBUG    Importing IcoImagePlugin
2019-07-01 11:28:12,136 PIL.Image    DEBUG    Importing ImImagePlugin
2019-07-01 11:28:12,137 PIL.Image    DEBUG    Importing ImtImagePlugin
2019-07-01 11:28:12,138 PIL.Image    DEBUG    Importing IptcImagePlugin
2019-07-01 11:28:12,139 PIL.Image    DEBUG    Importing JpegImagePlugin
2019-07-01 11:28:12,148 PIL.Image    DEBUG    Importing Jpeg2KImagePlugin
2019-07-01 11:28:12,148 PIL.Image    DEBUG    Importing McIdasImagePlugin
2019-07-01 11:28:12,149 PIL.Image    DEBUG    Importing MicImagePlugin
2019-07-01 11:28:12,149 PIL.Image    DEBUG    Image: failed to import MicImagePlugin: No module named 'olefile'
2019-07-01 11:28:12,150 PIL.Image    DEBUG    Importing MpegImagePlugin
2019-07-01 11:28:12,150 PIL.Image    DEBUG    Importing MpoImagePlugin
2019-07-01 11:28:12,151 PIL.Image    DEBUG    Importing MspImagePlugin
2019-07-01 11:28:12,152 PIL.Image    DEBUG    Importing PalmImagePlugin
2019-07-01 11:28:12,154 PIL.Image    DEBUG    Importing PcdImagePlugin
2019-07-01 11:28:12,155 PIL.Image    DEBUG    Importing PcxImagePlugin
2019-07-01 11:28:12,155 PIL.Image    DEBUG    Importing PdfImagePlugin
2019-07-01 11:28:12,170 PIL.Image    DEBUG    Importing PixarImagePlugin
2019-07-01 11:28:12,171 PIL.Image    DEBUG    Importing PngImagePlugin
2019-07-01 11:28:12,171 PIL.Image    DEBUG    Importing PpmImagePlugin
2019-07-01 11:28:12,172 PIL.Image    DEBUG    Importing PsdImagePlugin
2019-07-01 11:28:12,172 PIL.Image    DEBUG    Importing SgiImagePlugin
2019-07-01 11:28:12,173 PIL.Image    DEBUG    Importing SpiderImagePlugin
2019-07-01 11:28:12,173 PIL.Image    DEBUG    Importing SunImagePlugin
2019-07-01 11:28:12,174 PIL.Image    DEBUG    Importing TgaImagePlugin
2019-07-01 11:28:12,175 PIL.Image    DEBUG    Importing TiffImagePlugin
2019-07-01 11:28:12,175 PIL.Image    DEBUG    Importing WebPImagePlugin
2019-07-01 11:28:12,176 PIL.Image    DEBUG    Importing WmfImagePlugin
2019-07-01 11:28:12,176 PIL.Image    DEBUG    Importing XbmImagePlugin
2019-07-01 11:28:12,178 PIL.Image    DEBUG    Importing XpmImagePlugin
2019-07-01 11:28:12,179 PIL.Image    DEBUG    Importing XVThumbImagePlugin
2019-07-01 11:28:13,855 PIL.Image    DEBUG    Importing BlpImagePlugin
2019-07-01 11:28:13,856 PIL.Image    DEBUG    Importing BmpImagePlugin
2019-07-01 11:28:13,859 PIL.Image    DEBUG    Importing BufrStubImagePlugin
2019-07-01 11:28:13,859 PIL.Image    DEBUG    Importing CurImagePlugin
2019-07-01 11:28:13,860 PIL.Image    DEBUG    Importing DcxImagePlugin
2019-07-01 11:28:13,861 PIL.Image    DEBUG    Importing DdsImagePlugin
2019-07-01 11:28:13,861 PIL.Image    DEBUG    Importing EpsImagePlugin
2019-07-01 11:28:13,862 PIL.Image    DEBUG    Importing FitsStubImagePlugin
2019-07-01 11:28:13,863 PIL.Image    DEBUG    Importing FliImagePlugin
2019-07-01 11:28:13,863 PIL.Image    DEBUG    Importing FpxImagePlugin
2019-07-01 11:28:13,864 PIL.Image    DEBUG    Image: failed to import FpxImagePlugin: No module named 'olefile'
2019-07-01 11:28:13,864 PIL.Image    DEBUG    Importing FtexImagePlugin
2019-07-01 11:28:13,865 PIL.Image    DEBUG    Importing GbrImagePlugin
2019-07-01 11:28:13,865 PIL.Image    DEBUG    Importing GifImagePlugin
2019-07-01 11:28:13,867 PIL.Image    DEBUG    Importing GribStubImagePlugin
2019-07-01 11:28:13,868 PIL.Image    DEBUG    Importing Hdf5StubImagePlugin
2019-07-01 11:28:13,868 PIL.Image    DEBUG    Importing IcnsImagePlugin
2019-07-01 11:28:13,870 PIL.Image    DEBUG    Importing IcoImagePlugin
2019-07-01 11:28:13,871 PIL.Image    DEBUG    Importing ImImagePlugin
2019-07-01 11:28:13,872 PIL.Image    DEBUG    Importing ImtImagePlugin
2019-07-01 11:28:13,873 PIL.Image    DEBUG    Importing IptcImagePlugin
2019-07-01 11:28:13,874 PIL.Image    DEBUG    Importing JpegImagePlugin
2019-07-01 11:28:13,883 PIL.Image    DEBUG    Importing Jpeg2KImagePlugin
2019-07-01 11:28:13,883 PIL.Image    DEBUG    Importing McIdasImagePlugin
2019-07-01 11:28:13,883 PIL.Image    DEBUG    Importing MicImagePlugin
2019-07-01 11:28:13,884 PIL.Image    DEBUG    Image: failed to import MicImagePlugin: No module named 'olefile'
2019-07-01 11:28:13,884 PIL.Image    DEBUG    Importing MpegImagePlugin
2019-07-01 11:28:13,885 PIL.Image    DEBUG    Importing MpoImagePlugin
2019-07-01 11:28:13,886 PIL.Image    DEBUG    Importing MspImagePlugin
2019-07-01 11:28:13,887 PIL.Image    DEBUG    Importing PalmImagePlugin
2019-07-01 11:28:13,889 PIL.Image    DEBUG    Importing PcdImagePlugin
2019-07-01 11:28:13,890 PIL.Image    DEBUG    Importing PcxImagePlugin
2019-07-01 11:28:13,890 PIL.Image    DEBUG    Importing PdfImagePlugin
2019-07-01 11:28:13,906 PIL.Image    DEBUG    Importing PixarImagePlugin
2019-07-01 11:28:13,907 PIL.Image    DEBUG    Importing PngImagePlugin
2019-07-01 11:28:13,907 PIL.Image    DEBUG    Importing PpmImagePlugin
2019-07-01 11:28:13,908 PIL.Image    DEBUG    Importing PsdImagePlugin
2019-07-01 11:28:13,908 PIL.Image    DEBUG    Importing SgiImagePlugin
2019-07-01 11:28:13,909 PIL.Image    DEBUG    Importing SpiderImagePlugin
2019-07-01 11:28:13,910 PIL.Image    DEBUG    Importing SunImagePlugin
2019-07-01 11:28:13,910 PIL.Image    DEBUG    Importing TgaImagePlugin
2019-07-01 11:28:13,911 PIL.Image    DEBUG    Importing TiffImagePlugin
2019-07-01 11:28:13,911 PIL.Image    DEBUG    Importing WebPImagePlugin
2019-07-01 11:28:13,912 PIL.Image    DEBUG    Importing WmfImagePlugin
2019-07-01 11:28:13,913 PIL.Image    DEBUG    Importing XbmImagePlugin
2019-07-01 11:28:13,915 PIL.Image    DEBUG    Importing XpmImagePlugin
2019-07-01 11:28:13,916 PIL.Image    DEBUG    Importing XVThumbImagePlugin
2019-07-01 11:28:14,711 PIL.Image    DEBUG    Importing BlpImagePlugin
2019-07-01 11:28:14,712 PIL.Image    DEBUG    Importing BmpImagePlugin
2019-07-01 11:28:14,714 PIL.Image    DEBUG    Importing BufrStubImagePlugin
2019-07-01 11:28:14,715 PIL.Image    DEBUG    Importing CurImagePlugin
2019-07-01 11:28:14,715 PIL.Image    DEBUG    Importing DcxImagePlugin
2019-07-01 11:28:14,716 PIL.Image    DEBUG    Importing DdsImagePlugin
2019-07-01 11:28:14,717 PIL.Image    DEBUG    Importing EpsImagePlugin
2019-07-01 11:28:14,718 PIL.Image    DEBUG    Importing FitsStubImagePlugin
2019-07-01 11:28:14,719 PIL.Image    DEBUG    Importing FliImagePlugin
2019-07-01 11:28:14,719 PIL.Image    DEBUG    Importing FpxImagePlugin
2019-07-01 11:28:14,720 PIL.Image    DEBUG    Image: failed to import FpxImagePlugin: No module named 'olefile'
2019-07-01 11:28:14,720 PIL.Image    DEBUG    Importing FtexImagePlugin
2019-07-01 11:28:14,721 PIL.Image    DEBUG    Importing GbrImagePlugin
2019-07-01 11:28:14,721 PIL.Image    DEBUG    Importing GifImagePlugin
2019-07-01 11:28:14,722 PIL.Image    DEBUG    Importing GribStubImagePlugin
2019-07-01 11:28:14,723 PIL.Image    DEBUG    Importing Hdf5StubImagePlugin
2019-07-01 11:28:14,723 PIL.Image    DEBUG    Importing IcnsImagePlugin
2019-07-01 11:28:14,725 PIL.Image    DEBUG    Importing IcoImagePlugin
2019-07-01 11:28:14,726 PIL.Image    DEBUG    Importing ImImagePlugin
2019-07-01 11:28:14,728 PIL.Image    DEBUG    Importing ImtImagePlugin
2019-07-01 11:28:14,729 PIL.Image    DEBUG    Importing IptcImagePlugin
2019-07-01 11:28:14,729 PIL.Image    DEBUG    Importing JpegImagePlugin
2019-07-01 11:28:14,738 PIL.Image    DEBUG    Importing Jpeg2KImagePlugin
2019-07-01 11:28:14,738 PIL.Image    DEBUG    Importing McIdasImagePlugin
2019-07-01 11:28:14,739 PIL.Image    DEBUG    Importing MicImagePlugin
2019-07-01 11:28:14,739 PIL.Image    DEBUG    Image: failed to import MicImagePlugin: No module named 'olefile'
2019-07-01 11:28:14,739 PIL.Image    DEBUG    Importing MpegImagePlugin
2019-07-01 11:28:14,740 PIL.Image    DEBUG    Importing MpoImagePlugin
2019-07-01 11:28:14,741 PIL.Image    DEBUG    Importing MspImagePlugin
2019-07-01 11:28:14,741 PIL.Image    DEBUG    Importing PalmImagePlugin
2019-07-01 11:28:14,743 PIL.Image    DEBUG    Importing PcdImagePlugin
2019-07-01 11:28:14,744 PIL.Image    DEBUG    Importing PcxImagePlugin
2019-07-01 11:28:14,744 PIL.Image    DEBUG    Importing PdfImagePlugin
2019-07-01 11:28:14,760 PIL.Image    DEBUG    Importing PixarImagePlugin
2019-07-01 11:28:14,761 PIL.Image    DEBUG    Importing PngImagePlugin
2019-07-01 11:28:14,761 PIL.Image    DEBUG    Importing PpmImagePlugin
2019-07-01 11:28:14,761 PIL.Image    DEBUG    Importing PsdImagePlugin
2019-07-01 11:28:14,762 PIL.Image    DEBUG    Importing SgiImagePlugin
2019-07-01 11:28:14,762 PIL.Image    DEBUG    Importing SpiderImagePlugin
2019-07-01 11:28:14,763 PIL.Image    DEBUG    Importing SunImagePlugin
2019-07-01 11:28:14,763 PIL.Image    DEBUG    Importing TgaImagePlugin
2019-07-01 11:28:14,764 PIL.Image    DEBUG    Importing TiffImagePlugin
2019-07-01 11:28:14,764 PIL.Image    DEBUG    Importing WebPImagePlugin
2019-07-01 11:28:14,765 PIL.Image    DEBUG    Importing WmfImagePlugin
2019-07-01 11:28:14,765 PIL.Image    DEBUG    Importing XbmImagePlugin
2019-07-01 11:28:14,767 PIL.Image    DEBUG    Importing XpmImagePlugin
2019-07-01 11:28:14,769 PIL.Image    DEBUG    Importing XVThumbImagePlugin
